<?xml version="1.0" encoding="UTF-8"?>
<!-- Generated by org.testng.reporters.JUnitReportReporter -->
<testsuite hostname="LAPTOP-2T2LLMU3" failures="0" tests="3" name="RestTesting.Trello" time="3.081" errors="0" timestamp="16 Mar 2022 16:01:26 GMT">
  <testcase classname="RestTesting.Trello" name="DeleteBoard" time="1.206"/>
  <testcase classname="RestTesting.Trello" name="getBoard" time="0.476"/>
  <testcase classname="RestTesting.Trello" name="createBoard" time="1.399"/>
</testsuite> <!-- RestTesting.Trello -->
