<?xml version="1.0" encoding="UTF-8"?>
<!-- Generated by org.testng.reporters.JUnitReportReporter -->
<testsuite hostname="LAPTOP-2T2LLMU3" failures="0" tests="2" name="RestTesting.testNG" time="0.008" errors="0" timestamp="16 Mar 2022 15:40:57 GMT">
  <testcase classname="RestTesting.testNG" name="TestCase1" time="0.006"/>
  <testcase classname="RestTesting.testNG" name="TestCase2" time="0.002"/>
</testsuite> <!-- RestTesting.testNG -->
